[debug] [2020-02-29T22:58:54.126Z] ----------------------------------------------------------------------
[debug] [2020-02-29T22:58:54.128Z] Command:       C:\Program Files\nodejs\node.exe C:\Users\איתי גרשמן\AppData\Roaming\npm\node_modules\firebase-tools\lib\bin\firebase.js init
[debug] [2020-02-29T22:58:54.128Z] CLI Version:   7.14.0
[debug] [2020-02-29T22:58:54.128Z] Platform:      win32
[debug] [2020-02-29T22:58:54.128Z] Node Version:  v10.16.3
[debug] [2020-02-29T22:58:54.130Z] Time:          Sun Mar 01 2020 00:58:54 GMT+0200 (GMT+02:00)
[debug] [2020-02-29T22:58:54.130Z] ----------------------------------------------------------------------
[debug] [2020-02-29T22:58:54.130Z] 
[debug] [2020-02-29T22:58:54.138Z] > command requires scopes: ["email","openid","https://www.googleapis.com/auth/cloudplatformprojects.readonly","https://www.googleapis.com/auth/firebase","https://www.googleapis.com/auth/cloud-platform"]
[debug] [2020-02-29T22:58:54.138Z] > authorizing via signed-in user
[info] 
     ######## #### ########  ######## ########     ###     ######  ########
     ##        ##  ##     ## ##       ##     ##  ##   ##  ##       ##
     ######    ##  ########  ######   ########  #########  ######  ######
     ##        ##  ##    ##  ##       ##     ## ##     ##       ## ##
     ##       #### ##     ## ######## ########  ##     ##  ######  ########

You're about to initialize a Firebase project in this directory:

  C:\Users\איתי גרשמן\Documents\GitHub\GeenCon

[info] 
=== Project Setup
[info] 
[info] First, let's associate this project directory with a Firebase project.
[info] You can create multiple project aliases by running firebase use --add, 
[info] but for now we'll just set up a default project.
[info] 
